2026-07-08T20:56:25Z Starting document page monitor for https://www.energy.gov/nnsa/uapufo-resources-and-documents.
2026-07-08T20:56:25Z Discovering links from https://www.energy.gov/nnsa/uapufo-resources-and-documents
2026-07-08T20:56:25Z [1/2] would download https://media.defense.gov/2021/Jun/25/2002749916/-1/-1/1/DEPUTY-SECRETARY-OF-DEFENSE-MEMORANDUM-ON-UNIDENTIFIED-AERIAL-PHENOMENA-ASSESSMENTS.PDF
2026-07-08T20:56:26Z [2/2] would download https://www.dni.gov/files/ODNI/documents/assessments/Prelimary-Assessment-UAP-20210625.pdf
2026-07-08T20:56:26Z Discovered 2 document(s); downloaded 0, skipped 0, failed 0, pending 0.
2026-07-08T20:56:54Z Starting document page monitor for https://www.energy.gov/nnsa/uapufo-resources-and-documents.
2026-07-08T20:56:54Z Discovering links from https://www.energy.gov/nnsa/uapufo-resources-and-documents
2026-07-08T20:56:54Z [1/2] downloading https://media.defense.gov/2021/Jun/25/2002749916/-1/-1/1/DEPUTY-SECRETARY-OF-DEFENSE-MEMORANDUM-ON-UNIDENTIFIED-AERIAL-PHENOMENA-ASSESSMENTS.PDF
2026-07-08T20:57:00Z [2/2] pending due to --max-downloads pdfs/https-www-dni-gov-files-odni-documents-assessments-prelimary-assessment-uap-20210625-pdf.pdf
2026-07-08T20:57:00Z Discovered 2 document(s); downloaded 1, skipped 0, failed 0, pending 1.
2026-07-08T20:57:29Z Starting document page monitor for https://www.energy.gov/nnsa/uapufo-resources-and-documents.
2026-07-08T20:57:29Z Discovering links from https://www.energy.gov/nnsa/uapufo-resources-and-documents
2026-07-08T20:57:31Z [1/2] existing pdfs/https-media-defense-gov-2021-jun-25-2002749916-1-1-1-deputy-secretary-of-defense-memorandum-on-unidentified-aerial-phenomena-assessments-pdf.pdf
2026-07-08T20:57:32Z [2/2] downloading https://www.dni.gov/files/ODNI/documents/assessments/Prelimary-Assessment-UAP-20210625.pdf
2026-07-08T20:57:47Z Discovered 2 document(s); downloaded 1, skipped 1, failed 0, pending 0.
2026-07-08T21:57:23Z Starting document page monitor for https://www.energy.gov/nnsa/uapufo-resources-and-documents.
2026-07-08T21:57:23Z Starting document page monitor for https://www.energy.gov/nnsa/uapufo-resources-and-documents.
2026-07-08T21:57:23Z Discovering links from https://www.energy.gov/nnsa/uapufo-resources-and-documents
2026-07-08T21:57:23Z Discovering links from https://www.energy.gov/nnsa/uapufo-resources-and-documents
2026-07-08T21:57:24Z [1/2] existing pdfs/https-media-defense-gov-2021-jun-25-2002749916-1-1-1-deputy-secretary-of-defense-memorandum-on-unidentified-aerial-phenomena-assessments-pdf.pdf
2026-07-08T21:57:24Z [1/2] existing pdfs/https-media-defense-gov-2021-jun-25-2002749916-1-1-1-deputy-secretary-of-defense-memorandum-on-unidentified-aerial-phenomena-assessments-pdf.pdf
2026-07-08T21:57:25Z [2/2] existing pdfs/https-www-dni-gov-files-odni-documents-assessments-prelimary-assessment-uap-20210625-pdf.pdf
2026-07-08T21:57:25Z [2/2] existing pdfs/https-www-dni-gov-files-odni-documents-assessments-prelimary-assessment-uap-20210625-pdf.pdf
2026-07-08T21:57:26Z Discovered 2 document(s); downloaded 0, skipped 2, failed 0, pending 0, extracted_zips 0.
2026-07-08T21:57:26Z Discovered 2 document(s); downloaded 0, skipped 2, failed 0, pending 0, extracted_zips 0.
Discovered 2 document(s); downloaded 0, skipped 2, failed 0, pending 0, extracted_zips 0.
2026-07-08T22:57:01Z Starting document page monitor for https://www.energy.gov/nnsa/uapufo-resources-and-documents.
2026-07-08T22:57:01Z Starting document page monitor for https://www.energy.gov/nnsa/uapufo-resources-and-documents.
2026-07-08T22:57:01Z Discovering links from https://www.energy.gov/nnsa/uapufo-resources-and-documents
2026-07-08T22:57:01Z Discovering links from https://www.energy.gov/nnsa/uapufo-resources-and-documents
2026-07-08T22:57:01Z [1/2] existing pdfs/https-media-defense-gov-2021-jun-25-2002749916-1-1-1-deputy-secretary-of-defense-memorandum-on-unidentified-aerial-phenomena-assessments-pdf.pdf
2026-07-08T22:57:01Z [1/2] existing pdfs/https-media-defense-gov-2021-jun-25-2002749916-1-1-1-deputy-secretary-of-defense-memorandum-on-unidentified-aerial-phenomena-assessments-pdf.pdf
2026-07-08T22:57:01Z [2/2] existing pdfs/https-www-dni-gov-files-odni-documents-assessments-prelimary-assessment-uap-20210625-pdf.pdf
2026-07-08T22:57:01Z [2/2] existing pdfs/https-www-dni-gov-files-odni-documents-assessments-prelimary-assessment-uap-20210625-pdf.pdf
2026-07-08T22:57:01Z Discovered 2 document(s); downloaded 0, skipped 2, failed 0, pending 0, extracted_zips 0.
2026-07-08T22:57:01Z Discovered 2 document(s); downloaded 0, skipped 2, failed 0, pending 0, extracted_zips 0.
Discovered 2 document(s); downloaded 0, skipped 2, failed 0, pending 0, extracted_zips 0.
2026-07-08T23:57:19Z Starting document page monitor for https://www.energy.gov/nnsa/uapufo-resources-and-documents.
2026-07-08T23:57:19Z Starting document page monitor for https://www.energy.gov/nnsa/uapufo-resources-and-documents.
2026-07-08T23:57:19Z Discovering links from https://www.energy.gov/nnsa/uapufo-resources-and-documents
2026-07-08T23:57:19Z Discovering links from https://www.energy.gov/nnsa/uapufo-resources-and-documents
2026-07-08T23:57:20Z [1/2] existing pdfs/https-media-defense-gov-2021-jun-25-2002749916-1-1-1-deputy-secretary-of-defense-memorandum-on-unidentified-aerial-phenomena-assessments-pdf.pdf
2026-07-08T23:57:20Z [1/2] existing pdfs/https-media-defense-gov-2021-jun-25-2002749916-1-1-1-deputy-secretary-of-defense-memorandum-on-unidentified-aerial-phenomena-assessments-pdf.pdf
2026-07-08T23:57:21Z [2/2] existing pdfs/https-www-dni-gov-files-odni-documents-assessments-prelimary-assessment-uap-20210625-pdf.pdf
2026-07-08T23:57:21Z [2/2] existing pdfs/https-www-dni-gov-files-odni-documents-assessments-prelimary-assessment-uap-20210625-pdf.pdf
2026-07-08T23:57:22Z Discovered 2 document(s); downloaded 0, skipped 2, failed 0, pending 0, extracted_zips 0.
2026-07-08T23:57:22Z Discovered 2 document(s); downloaded 0, skipped 2, failed 0, pending 0, extracted_zips 0.
Discovered 2 document(s); downloaded 0, skipped 2, failed 0, pending 0, extracted_zips 0.
2026-07-09T00:48:14Z Starting document page monitor for https://www.energy.gov/nnsa/uapufo-resources-and-documents.
2026-07-09T00:48:14Z Starting document page monitor for https://www.energy.gov/nnsa/uapufo-resources-and-documents.
2026-07-09T00:48:14Z Discovering links from https://www.energy.gov/nnsa/uapufo-resources-and-documents
2026-07-09T00:48:14Z Discovering links from https://www.energy.gov/nnsa/uapufo-resources-and-documents
2026-07-09T00:48:15Z [1/2] existing pdfs/https-media-defense-gov-2021-jun-25-2002749916-1-1-1-deputy-secretary-of-defense-memorandum-on-unidentified-aerial-phenomena-assessments-pdf.pdf
2026-07-09T00:48:15Z [1/2] existing pdfs/https-media-defense-gov-2021-jun-25-2002749916-1-1-1-deputy-secretary-of-defense-memorandum-on-unidentified-aerial-phenomena-assessments-pdf.pdf
2026-07-09T00:48:15Z [2/2] existing pdfs/https-www-dni-gov-files-odni-documents-assessments-prelimary-assessment-uap-20210625-pdf.pdf
2026-07-09T00:48:15Z [2/2] existing pdfs/https-www-dni-gov-files-odni-documents-assessments-prelimary-assessment-uap-20210625-pdf.pdf
2026-07-09T00:48:15Z Discovered 2 document(s); downloaded 0, skipped 2, failed 0, pending 0, extracted_zips 0.
2026-07-09T00:48:15Z Discovered 2 document(s); downloaded 0, skipped 2, failed 0, pending 0, extracted_zips 0.
Discovered 2 document(s); downloaded 0, skipped 2, failed 0, pending 0, extracted_zips 0.
2026-07-09T00:57:02Z Starting document page monitor for https://www.energy.gov/nnsa/uapufo-resources-and-documents.
2026-07-09T00:57:02Z Starting document page monitor for https://www.energy.gov/nnsa/uapufo-resources-and-documents.
2026-07-09T00:57:05Z Discovering links from https://www.energy.gov/nnsa/uapufo-resources-and-documents
2026-07-09T00:57:05Z Discovering links from https://www.energy.gov/nnsa/uapufo-resources-and-documents
2026-07-09T00:57:06Z [1/2] existing pdfs/https-media-defense-gov-2021-jun-25-2002749916-1-1-1-deputy-secretary-of-defense-memorandum-on-unidentified-aerial-phenomena-assessments-pdf.pdf
2026-07-09T00:57:06Z [1/2] existing pdfs/https-media-defense-gov-2021-jun-25-2002749916-1-1-1-deputy-secretary-of-defense-memorandum-on-unidentified-aerial-phenomena-assessments-pdf.pdf
2026-07-09T00:57:07Z [2/2] existing pdfs/https-www-dni-gov-files-odni-documents-assessments-prelimary-assessment-uap-20210625-pdf.pdf
2026-07-09T00:57:07Z [2/2] existing pdfs/https-www-dni-gov-files-odni-documents-assessments-prelimary-assessment-uap-20210625-pdf.pdf
2026-07-09T00:57:07Z Discovered 2 document(s); downloaded 0, skipped 2, failed 0, pending 0, extracted_zips 0.
2026-07-09T00:57:07Z Discovered 2 document(s); downloaded 0, skipped 2, failed 0, pending 0, extracted_zips 0.
Discovered 2 document(s); downloaded 0, skipped 2, failed 0, pending 0, extracted_zips 0.
2026-07-09T01:57:02Z Starting document page monitor for https://www.energy.gov/nnsa/uapufo-resources-and-documents.
2026-07-09T06:57:01Z Starting document page monitor for https://www.energy.gov/nnsa/uapufo-resources-and-documents.
2026-07-09T07:19:18Z Starting document page monitor for https://www.energy.gov/nnsa/uapufo-resources-and-documents.
2026-07-09T07:19:18Z Discovering links from https://www.energy.gov/nnsa/uapufo-resources-and-documents
2026-07-09T07:19:19Z [1/2] existing pdfs/https-media-defense-gov-2021-jun-25-2002749916-1-1-1-deputy-secretary-of-defense-memorandum-on-unidentified-aerial-phenomena-assessments-pdf.pdf
2026-07-09T07:19:19Z [2/2] existing pdfs/https-www-dni-gov-files-odni-documents-assessments-prelimary-assessment-uap-20210625-pdf.pdf
2026-07-09T07:19:19Z Discovered 2 document(s); downloaded 0, skipped 2, failed 0, pending 0, extracted_zips 0.
2026-07-09T07:57:03Z Starting document page monitor for https://www.energy.gov/nnsa/uapufo-resources-and-documents.
2026-07-09T07:57:03Z Discovering links from https://www.energy.gov/nnsa/uapufo-resources-and-documents
2026-07-09T07:57:04Z [1/2] existing pdfs/https-media-defense-gov-2021-jun-25-2002749916-1-1-1-deputy-secretary-of-defense-memorandum-on-unidentified-aerial-phenomena-assessments-pdf.pdf
2026-07-09T07:57:06Z [2/2] existing pdfs/https-www-dni-gov-files-odni-documents-assessments-prelimary-assessment-uap-20210625-pdf.pdf
2026-07-09T07:57:07Z Discovered 2 document(s); downloaded 0, skipped 2, failed 0, pending 0, extracted_zips 0.
2026-07-09T08:57:02Z Starting document page monitor for https://www.energy.gov/nnsa/uapufo-resources-and-documents.
2026-07-09T08:57:02Z Discovering links from https://www.energy.gov/nnsa/uapufo-resources-and-documents
2026-07-09T08:57:02Z [1/2] existing pdfs/https-media-defense-gov-2021-jun-25-2002749916-1-1-1-deputy-secretary-of-defense-memorandum-on-unidentified-aerial-phenomena-assessments-pdf.pdf
2026-07-09T08:57:02Z [2/2] existing pdfs/https-www-dni-gov-files-odni-documents-assessments-prelimary-assessment-uap-20210625-pdf.pdf
2026-07-09T08:57:02Z Discovered 2 document(s); downloaded 0, skipped 2, failed 0, pending 0, extracted_zips 0.
2026-07-09T09:57:02Z Starting document page monitor for https://www.energy.gov/nnsa/uapufo-resources-and-documents.
2026-07-09T09:57:18Z Discovering links from https://www.energy.gov/nnsa/uapufo-resources-and-documents
2026-07-09T09:57:19Z [1/2] existing pdfs/https-media-defense-gov-2021-jun-25-2002749916-1-1-1-deputy-secretary-of-defense-memorandum-on-unidentified-aerial-phenomena-assessments-pdf.pdf
2026-07-09T09:57:20Z [2/2] existing pdfs/https-www-dni-gov-files-odni-documents-assessments-prelimary-assessment-uap-20210625-pdf.pdf
2026-07-09T09:57:21Z Discovered 2 document(s); downloaded 0, skipped 2, failed 0, pending 0, extracted_zips 0.
2026-07-09T10:57:20Z Starting document page monitor for https://www.energy.gov/nnsa/uapufo-resources-and-documents.
2026-07-09T10:57:20Z Discovering links from https://www.energy.gov/nnsa/uapufo-resources-and-documents
2026-07-09T10:57:21Z [1/2] existing pdfs/https-media-defense-gov-2021-jun-25-2002749916-1-1-1-deputy-secretary-of-defense-memorandum-on-unidentified-aerial-phenomena-assessments-pdf.pdf
2026-07-09T10:57:22Z [2/2] existing pdfs/https-www-dni-gov-files-odni-documents-assessments-prelimary-assessment-uap-20210625-pdf.pdf
2026-07-09T10:57:22Z Discovered 2 document(s); downloaded 0, skipped 2, failed 0, pending 0, extracted_zips 0.
2026-07-09T11:57:02Z Starting document page monitor for https://www.energy.gov/nnsa/uapufo-resources-and-documents.
2026-07-09T11:57:02Z Discovering links from https://www.energy.gov/nnsa/uapufo-resources-and-documents
2026-07-09T11:57:02Z [1/2] existing pdfs/https-media-defense-gov-2021-jun-25-2002749916-1-1-1-deputy-secretary-of-defense-memorandum-on-unidentified-aerial-phenomena-assessments-pdf.pdf
2026-07-09T11:57:02Z [2/2] existing pdfs/https-www-dni-gov-files-odni-documents-assessments-prelimary-assessment-uap-20210625-pdf.pdf
2026-07-09T11:57:02Z Discovered 2 document(s); downloaded 0, skipped 2, failed 0, pending 0, extracted_zips 0.
2026-07-09T12:57:01Z Starting document page monitor for https://www.energy.gov/nnsa/uapufo-resources-and-documents.
2026-07-09T12:57:01Z Discovering links from https://www.energy.gov/nnsa/uapufo-resources-and-documents
2026-07-09T12:57:01Z [1/2] existing pdfs/https-media-defense-gov-2021-jun-25-2002749916-1-1-1-deputy-secretary-of-defense-memorandum-on-unidentified-aerial-phenomena-assessments-pdf.pdf
2026-07-09T12:57:01Z [2/2] existing pdfs/https-www-dni-gov-files-odni-documents-assessments-prelimary-assessment-uap-20210625-pdf.pdf
2026-07-09T12:57:01Z Discovered 2 document(s); downloaded 0, skipped 2, failed 0, pending 0, extracted_zips 0.
2026-07-09T13:57:05Z Starting document page monitor for https://www.energy.gov/nnsa/uapufo-resources-and-documents.
2026-07-09T13:57:07Z Discovering links from https://www.energy.gov/nnsa/uapufo-resources-and-documents
2026-07-09T13:57:09Z [1/2] existing pdfs/https-media-defense-gov-2021-jun-25-2002749916-1-1-1-deputy-secretary-of-defense-memorandum-on-unidentified-aerial-phenomena-assessments-pdf.pdf
2026-07-09T13:57:09Z [2/2] existing pdfs/https-www-dni-gov-files-odni-documents-assessments-prelimary-assessment-uap-20210625-pdf.pdf
2026-07-09T13:57:09Z Discovered 2 document(s); downloaded 0, skipped 2, failed 0, pending 0, extracted_zips 0.
2026-07-09T14:57:02Z Starting document page monitor for https://www.energy.gov/nnsa/uapufo-resources-and-documents.
2026-07-09T14:57:02Z Discovering links from https://www.energy.gov/nnsa/uapufo-resources-and-documents
2026-07-09T14:57:02Z [1/2] existing pdfs/https-media-defense-gov-2021-jun-25-2002749916-1-1-1-deputy-secretary-of-defense-memorandum-on-unidentified-aerial-phenomena-assessments-pdf.pdf
2026-07-09T14:57:02Z [2/2] existing pdfs/https-www-dni-gov-files-odni-documents-assessments-prelimary-assessment-uap-20210625-pdf.pdf
2026-07-09T14:57:03Z Discovered 2 document(s); downloaded 0, skipped 2, failed 0, pending 0, extracted_zips 0.
2026-07-09T15:57:01Z Starting document page monitor for https://www.energy.gov/nnsa/uapufo-resources-and-documents.
2026-07-09T15:57:01Z Discovering links from https://www.energy.gov/nnsa/uapufo-resources-and-documents
2026-07-09T15:57:01Z [1/2] existing pdfs/https-media-defense-gov-2021-jun-25-2002749916-1-1-1-deputy-secretary-of-defense-memorandum-on-unidentified-aerial-phenomena-assessments-pdf.pdf
2026-07-09T15:57:01Z [2/2] existing pdfs/https-www-dni-gov-files-odni-documents-assessments-prelimary-assessment-uap-20210625-pdf.pdf
2026-07-09T15:57:01Z Discovered 2 document(s); downloaded 0, skipped 2, failed 0, pending 0, extracted_zips 0.
2026-07-09T16:57:01Z Starting document page monitor for https://www.energy.gov/nnsa/uapufo-resources-and-documents.
2026-07-09T16:57:01Z Discovering links from https://www.energy.gov/nnsa/uapufo-resources-and-documents
2026-07-09T16:57:01Z [1/2] existing pdfs/https-media-defense-gov-2021-jun-25-2002749916-1-1-1-deputy-secretary-of-defense-memorandum-on-unidentified-aerial-phenomena-assessments-pdf.pdf
2026-07-09T16:57:01Z [2/2] existing pdfs/https-www-dni-gov-files-odni-documents-assessments-prelimary-assessment-uap-20210625-pdf.pdf
2026-07-09T16:57:02Z Discovered 2 document(s); downloaded 0, skipped 2, failed 0, pending 0, extracted_zips 0.
2026-07-09T17:57:05Z Starting document page monitor for https://www.energy.gov/nnsa/uapufo-resources-and-documents.
2026-07-09T17:57:07Z Discovering links from https://www.energy.gov/nnsa/uapufo-resources-and-documents
2026-07-09T17:57:15Z [1/2] existing pdfs/https-media-defense-gov-2021-jun-25-2002749916-1-1-1-deputy-secretary-of-defense-memorandum-on-unidentified-aerial-phenomena-assessments-pdf.pdf
2026-07-09T17:57:23Z [2/2] existing pdfs/https-www-dni-gov-files-odni-documents-assessments-prelimary-assessment-uap-20210625-pdf.pdf
2026-07-09T17:57:35Z Discovered 2 document(s); downloaded 0, skipped 2, failed 0, pending 0, extracted_zips 0.
2026-07-09T18:57:01Z Starting document page monitor for https://www.energy.gov/nnsa/uapufo-resources-and-documents.
2026-07-09T18:57:01Z Discovering links from https://www.energy.gov/nnsa/uapufo-resources-and-documents
2026-07-09T18:57:01Z [1/2] existing pdfs/https-media-defense-gov-2021-jun-25-2002749916-1-1-1-deputy-secretary-of-defense-memorandum-on-unidentified-aerial-phenomena-assessments-pdf.pdf
2026-07-09T18:57:01Z [2/2] existing pdfs/https-www-dni-gov-files-odni-documents-assessments-prelimary-assessment-uap-20210625-pdf.pdf
2026-07-09T18:57:01Z Discovered 2 document(s); downloaded 0, skipped 2, failed 0, pending 0, extracted_zips 0.
2026-07-09T19:57:02Z Starting document page monitor for https://www.energy.gov/nnsa/uapufo-resources-and-documents.
2026-07-09T19:57:02Z Discovering links from https://www.energy.gov/nnsa/uapufo-resources-and-documents
2026-07-09T19:57:02Z Discovered 2 document(s); downloaded 0, skipped 2, failed 0, pending 0, extracted_zips 0.
2026-07-09T20:57:01Z Starting document page monitor for https://www.energy.gov/nnsa/uapufo-resources-and-documents.
2026-07-09T20:57:01Z Discovering links from https://www.energy.gov/nnsa/uapufo-resources-and-documents
2026-07-09T20:57:01Z Discovered 2 document(s); downloaded 0, skipped 2, failed 0, pending 0, extracted_zips 0.
2026-07-09T21:57:01Z Starting document page monitor for https://www.energy.gov/nnsa/uapufo-resources-and-documents.
2026-07-09T21:57:03Z Discovering links from https://www.energy.gov/nnsa/uapufo-resources-and-documents
2026-07-09T21:57:04Z [1/2] downloading https://media.defense.gov/2021/Jun/25/2002749916/-1/-1/1/DEPUTY-SECRETARY-OF-DEFENSE-MEMORANDUM-ON-UNIDENTIFIED-AERIAL-PHENOMENA-ASSESSMENTS.PDF
2026-07-09T22:00:07Z Download failed for pdfs/deputy-secretary-of-defense-memorandum-on-unidentified-aerial-phenomena-assessments.pdf: Timeout 180000ms exceeded while waiting for event "download"
=========================== logs ===========================
waiting for event "download"
============================================================
2026-07-09T22:00:08Z [2/2] downloading https://www.dni.gov/files/ODNI/documents/assessments/Prelimary-Assessment-UAP-20210625.pdf
2026-07-09T22:00:08Z Download failed for pdfs/prelimary-assessment-uap-20210625.pdf: Unable to find page link for https://www.dni.gov/files/ODNI/documents/assessments/Prelimary-Assessment-UAP-20210625.pdf
2026-07-09T22:00:08Z Discovered 2 document(s); downloaded 0, skipped 0, failed 2, pending 0, extracted_zips 0.
2026-07-09T22:05:10Z Starting document page monitor for https://www.energy.gov/nnsa/uapufo-resources-and-documents.
2026-07-09T22:05:11Z Discovering links from https://www.energy.gov/nnsa/uapufo-resources-and-documents
2026-07-09T22:05:11Z [1/2] downloading https://media.defense.gov/2021/Jun/25/2002749916/-1/-1/1/DEPUTY-SECRETARY-OF-DEFENSE-MEMORANDUM-ON-UNIDENTIFIED-AERIAL-PHENOMENA-ASSESSMENTS.PDF
2026-07-09T22:08:14Z Download failed for pdfs/deputy-secretary-of-defense-memorandum-on-unidentified-aerial-phenomena-assessments.pdf: Timeout 180000ms exceeded while waiting for event "download"
=========================== logs ===========================
waiting for event "download"
============================================================
2026-07-09T22:08:15Z [2/2] downloading https://www.dni.gov/files/ODNI/documents/assessments/Prelimary-Assessment-UAP-20210625.pdf
2026-07-09T22:08:15Z Download failed for pdfs/prelimary-assessment-uap-20210625.pdf: Unable to find page link for https://www.dni.gov/files/ODNI/documents/assessments/Prelimary-Assessment-UAP-20210625.pdf
2026-07-09T22:08:17Z Discovered 2 document(s); downloaded 0, skipped 0, failed 2, pending 0, extracted_zips 0.
2026-07-09T22:13:17Z Starting document page monitor for https://www.energy.gov/nnsa/uapufo-resources-and-documents.
2026-07-09T22:13:18Z Discovering links from https://www.energy.gov/nnsa/uapufo-resources-and-documents
2026-07-09T22:13:19Z [1/2] downloading https://media.defense.gov/2021/Jun/25/2002749916/-1/-1/1/DEPUTY-SECRETARY-OF-DEFENSE-MEMORANDUM-ON-UNIDENTIFIED-AERIAL-PHENOMENA-ASSESSMENTS.PDF
2026-07-09T22:16:22Z Download failed for pdfs/deputy-secretary-of-defense-memorandum-on-unidentified-aerial-phenomena-assessments.pdf: Timeout 180000ms exceeded while waiting for event "download"
=========================== logs ===========================
waiting for event "download"
============================================================
2026-07-09T22:16:22Z [2/2] downloading https://www.dni.gov/files/ODNI/documents/assessments/Prelimary-Assessment-UAP-20210625.pdf
2026-07-09T22:16:22Z Download failed for pdfs/prelimary-assessment-uap-20210625.pdf: Unable to find page link for https://www.dni.gov/files/ODNI/documents/assessments/Prelimary-Assessment-UAP-20210625.pdf
2026-07-09T22:16:23Z Discovered 2 document(s); downloaded 0, skipped 0, failed 2, pending 0, extracted_zips 0.
2026-07-09T22:17:55Z Starting document page monitor for https://www.energy.gov/nnsa/uapufo-resources-and-documents.
2026-07-09T22:17:55Z Discovering links from https://www.energy.gov/nnsa/uapufo-resources-and-documents
2026-07-09T22:17:55Z [1/2] existing pdfs/https-media-defense-gov-2021-jun-25-2002749916-1-1-1-deputy-secretary-of-defense-memorandum-on-unidentified-aerial-phenomena-assessments-pdf.pdf
2026-07-09T22:17:56Z [2/2] existing pdfs/https-www-dni-gov-files-odni-documents-assessments-prelimary-assessment-uap-20210625-pdf.pdf
2026-07-09T22:17:57Z Discovered 2 document(s); downloaded 0, skipped 2, failed 0, pending 0, extracted_zips 0.
2026-07-09T22:21:25Z Starting document page monitor for https://www.energy.gov/nnsa/uapufo-resources-and-documents.
2026-07-09T22:21:25Z Discovering links from https://www.energy.gov/nnsa/uapufo-resources-and-documents
2026-07-09T22:21:36Z Discovered 2 document(s); downloaded 0, skipped 2, failed 0, pending 0, extracted_zips 0.
2026-07-09T22:57:10Z Starting document page monitor for https://www.energy.gov/nnsa/uapufo-resources-and-documents.
2026-07-09T22:57:16Z Discovering links from https://www.energy.gov/nnsa/uapufo-resources-and-documents
2026-07-09T22:58:09Z Discovered 2 document(s); downloaded 0, skipped 2, failed 0, pending 0, extracted_zips 0.
2026-07-09T23:57:02Z Starting document page monitor for https://www.energy.gov/nnsa/uapufo-resources-and-documents.
2026-07-09T23:57:02Z Discovering links from https://www.energy.gov/nnsa/uapufo-resources-and-documents
2026-07-09T23:57:03Z Discovered 2 document(s); downloaded 0, skipped 2, failed 0, pending 0, extracted_zips 0.
2026-07-10T00:57:08Z Starting document page monitor for https://www.energy.gov/nnsa/uapufo-resources-and-documents.
2026-07-10T00:57:12Z Discovering links from https://www.energy.gov/nnsa/uapufo-resources-and-documents
2026-07-10T00:57:29Z Discovered 2 document(s); downloaded 0, skipped 2, failed 0, pending 0, extracted_zips 0.
2026-07-10T01:57:02Z Starting document page monitor for https://www.energy.gov/nnsa/uapufo-resources-and-documents.
2026-07-10T01:57:02Z Discovering links from https://www.energy.gov/nnsa/uapufo-resources-and-documents
2026-07-10T01:57:05Z Discovered 2 document(s); downloaded 0, skipped 2, failed 0, deferred 0, stopped 0, pending 0, extracted_zips 0.
2026-07-10T02:57:03Z Starting document page monitor for https://www.energy.gov/nnsa/uapufo-resources-and-documents.
2026-07-10T02:57:04Z Discovering links from https://www.energy.gov/nnsa/uapufo-resources-and-documents
2026-07-10T02:57:51Z Discovered 2 document(s); downloaded 0, skipped 2, failed 0, deferred 0, stopped 0, pending 0, extracted_zips 0.
2026-07-10T03:57:01Z Starting document page monitor for https://www.energy.gov/nnsa/uapufo-resources-and-documents.
2026-07-10T03:57:01Z Discovering links from https://www.energy.gov/nnsa/uapufo-resources-and-documents
2026-07-10T03:57:04Z Discovered 2 document(s); downloaded 0, skipped 2, failed 0, deferred 0, stopped 0, pending 0, extracted_zips 0.
2026-07-11T01:57:03Z Starting document page monitor for https://www.energy.gov/nnsa/uapufo-resources-and-documents.
2026-07-11T01:57:03Z Discovering links from https://www.energy.gov/nnsa/uapufo-resources-and-documents
2026-07-11T01:57:08Z Discovered 2 document(s); downloaded 0, skipped 2, failed 0, deferred 0, stopped 0, pending 0, extracted_zips 0.
2026-07-12T01:57:01Z Starting document page monitor for https://www.energy.gov/nnsa/uapufo-resources-and-documents.
2026-07-12T01:57:01Z Discovering links from https://www.energy.gov/nnsa/uapufo-resources-and-documents
2026-07-12T01:57:04Z Discovered 2 document(s); downloaded 0, skipped 2, failed 0, deferred 0, stopped 0, pending 0, extracted_zips 0.
2026-07-12T07:41:34Z Starting document page monitor for https://www.energy.gov/nnsa/uapufo-resources-and-documents.
2026-07-12T07:41:34Z Discovering links from https://www.energy.gov/nnsa/uapufo-resources-and-documents
2026-07-12T07:41:37Z Discovered 2 document(s); downloaded 0, skipped 2, failed 0, deferred 0, stopped 0, pending 0, extracted_zips 0.
2026-07-13T01:57:01Z Starting document page monitor for https://www.energy.gov/nnsa/uapufo-resources-and-documents.
2026-07-13T01:57:01Z Discovering links from https://www.energy.gov/nnsa/uapufo-resources-and-documents
2026-07-13T01:57:04Z Discovered 2 document(s); downloaded 0, skipped 2, failed 0, deferred 0, stopped 0, pending 0, extracted_zips 0.
2026-07-14T01:57:01Z Starting document page monitor for https://www.energy.gov/nnsa/uapufo-resources-and-documents.
2026-07-14T01:57:01Z Discovering links from https://www.energy.gov/nnsa/uapufo-resources-and-documents
2026-07-14T01:57:03Z Discovered 2 document(s); downloaded 0, skipped 2, failed 0, deferred 0, stopped 0, pending 0, extracted_zips 0.
2026-07-15T01:57:01Z Starting document page monitor for https://www.energy.gov/nnsa/uapufo-resources-and-documents.
2026-07-15T01:57:02Z Discovering links from https://www.energy.gov/nnsa/uapufo-resources-and-documents
2026-07-15T01:57:04Z Discovered 2 document(s); downloaded 0, skipped 2, failed 0, deferred 0, stopped 0, pending 0, extracted_zips 0.
